-------------------------------------------------------------------------------
Test set: com.grootgeek.apibookkinder.utils.LoggerTest
-------------------------------------------------------------------------------
Tests run: 3, Failures: 0, Errors: 2, Skipped: 0, Time elapsed: 0.736 s <<< FAILURE! - in com.grootgeek.apibookkinder.utils.LoggerTest
logApiError_ShouldCallLogMessageWithFormattedError  Time elapsed: 0.009 s  <<< ERROR!
java.io.FileNotFoundException: Logs-ApiBookKinder\test_logs\2024-04-04-Errors.txt (The system cannot find the file specified)
	at com.grootgeek.apibookkinder.utils.LoggerTest.logApiError_ShouldCallLogMessageWithFormattedError(LoggerTest.java:68)

logApi_ShouldCallLogMessageWithFormattedLog  Time elapsed: 0.009 s  <<< ERROR!
java.io.FileNotFoundException: Logs-ApiBookKinder\test_logs\2024-04-04-Transactions.txt (The system cannot find the file specified)
	at com.grootgeek.apibookkinder.utils.LoggerTest.logApi_ShouldCallLogMessageWithFormattedLog(LoggerTest.java:90)

